This is cutadapt 1.11 with Python 3.6.15
Command line parameters: -a AGATCGGAAGAGC -m 25 -o results/trimm/SRR10379721_trimmed.fastq.gz results/data/SRR10379721.fastq.gz
Trimming 1 adapter with at most 10.0% errors in single-end mode ...
Finished in 2261.35 s (44 us/read; 1.38 M reads/minute).

=== Summary ===

Total reads processed:              51,906,500
Reads with adapters:                   484,970 (0.9%)
Reads that were too short:                 134 (0.0%)
Reads written (passing filters):    51,906,366 (100.0%)

Total basepairs processed: 3,373,922,500 bp
Total written (filtered):  3,372,068,475 bp (99.9%)

=== Adapter 1 ===

Sequence: AGATCGGAAGAGC; Type: regular 3'; Length: 13; Trimmed: 484970 times.

No. of allowed errors:
0-9 bp: 0; 10-13 bp: 1

Bases preceding removed adapters:
  A: 50.5%
  C: 15.3%
  G: 8.3%
  T: 25.9%
  none/other: 0.0%

Overview of removed sequences
length	count	expect	max.err	error counts
3	175732	811039.1	0	175732
4	255822	202759.8	0	255822
5	44486	50689.9	0	44486
6	3529	12672.5	0	3529
7	654	3168.1	0	654
8	20	792.0	0	20
9	3243	198.0	0	28 3215
10	729	49.5	1	3 726
11	368	12.4	1	0 368
12	31	3.1	1	1 30
13	29	0.8	1	6 23
14	5	0.8	1	0 5
15	13	0.8	1	5 8
16	13	0.8	1	1 12
17	7	0.8	1	0 7
18	8	0.8	1	1 7
19	2	0.8	1	0 2
20	3	0.8	1	0 3
21	5	0.8	1	0 5
22	1	0.8	1	0 1
23	2	0.8	1	0 2
24	12	0.8	1	0 12
25	2	0.8	1	0 2
26	7	0.8	1	0 7
27	9	0.8	1	0 9
28	6	0.8	1	0 6
29	10	0.8	1	0 10
30	13	0.8	1	0 13
31	10	0.8	1	0 10
32	9	0.8	1	0 9
33	8	0.8	1	0 8
34	7	0.8	1	0 7
35	13	0.8	1	0 13
36	13	0.8	1	0 13
37	4	0.8	1	0 4
38	6	0.8	1	0 6
39	2	0.8	1	0 2
40	3	0.8	1	0 3
41	2	0.8	1	0 2
42	4	0.8	1	0 4
43	4	0.8	1	0 4
44	9	0.8	1	0 9
45	14	0.8	1	1 13
46	9	0.8	1	0 9
47	5	0.8	1	0 5
48	6	0.8	1	0 6
49	6	0.8	1	0 6
50	3	0.8	1	0 3
51	3	0.8	1	0 3
52	4	0.8	1	0 4
53	1	0.8	1	0 1
54	4	0.8	1	0 4
55	4	0.8	1	0 4
56	5	0.8	1	0 5
57	10	0.8	1	0 10
58	7	0.8	1	0 7
59	7	0.8	1	0 7
60	5	0.8	1	0 5
61	6	0.8	1	0 6
62	6	0.8	1	0 6
63	5	0.8	1	0 5
64	1	0.8	1	0 1
65	4	0.8	1	0 4

