This is cutadapt 1.11 with Python 3.6.15
Command line parameters: -a AGATCGGAAGAGC -m 25 -o results/trimm/SRR10379724_trimmed.fastq.gz results/data/SRR10379724.fastq.gz
Trimming 1 adapter with at most 10.0% errors in single-end mode ...
Finished in 2717.98 s (57 us/read; 1.04 M reads/minute).

=== Summary ===

Total reads processed:              47,295,731
Reads with adapters:                   514,872 (1.1%)
Reads that were too short:                  66 (0.0%)
Reads written (passing filters):    47,295,665 (100.0%)

Total basepairs processed: 3,074,222,515 bp
Total written (filtered):  3,072,251,217 bp (99.9%)

=== Adapter 1 ===

Sequence: AGATCGGAAGAGC; Type: regular 3'; Length: 13; Trimmed: 514872 times.

No. of allowed errors:
0-9 bp: 0; 10-13 bp: 1

Bases preceding removed adapters:
  A: 53.2%
  C: 12.1%
  G: 6.5%
  T: 28.1%
  none/other: 0.0%

Overview of removed sequences
length	count	expect	max.err	error counts
3	180681	738995.8	0	180681
4	270400	184748.9	0	270400
5	55243	46187.2	0	55243
6	3632	11546.8	0	3632
7	567	2886.7	0	567
8	28	721.7	0	28
9	3473	180.4	0	44 3429
10	315	45.1	1	2 313
11	335	11.3	1	0 335
12	13	2.8	1	1 12
13	12	0.7	1	2 10
14	1	0.7	1	0 1
15	13	0.7	1	1 12
16	1	0.7	1	0 1
17	8	0.7	1	0 8
18	7	0.7	1	0 7
19	4	0.7	1	0 4
20	1	0.7	1	0 1
21	4	0.7	1	0 4
22	1	0.7	1	0 1
24	11	0.7	1	0 11
25	1	0.7	1	0 1
26	5	0.7	1	0 5
27	1	0.7	1	0 1
28	3	0.7	1	0 3
29	4	0.7	1	0 4
30	9	0.7	1	0 9
31	2	0.7	1	0 2
32	3	0.7	1	0 3
33	4	0.7	1	0 4
34	8	0.7	1	0 8
35	3	0.7	1	0 3
36	4	0.7	1	0 4
37	1	0.7	1	0 1
38	4	0.7	1	0 4
39	4	0.7	1	1 3
42	4	0.7	1	0 4
44	4	0.7	1	0 4
45	4	0.7	1	1 3
46	6	0.7	1	0 6
47	6	0.7	1	0 6
48	4	0.7	1	0 4
49	4	0.7	1	0 4
50	3	0.7	1	0 3
51	2	0.7	1	0 2
52	2	0.7	1	0 2
55	2	0.7	1	0 2
56	1	0.7	1	0 1
57	5	0.7	1	0 5
58	5	0.7	1	0 5
59	1	0.7	1	0 1
60	2	0.7	1	0 2
61	1	0.7	1	0 1
62	1	0.7	1	0 1
63	5	0.7	1	0 5
64	3	0.7	1	0 3
65	1	0.7	1	0 1

