This is cutadapt 1.11 with Python 3.6.15
Command line parameters: -a AGATCGGAAGAGC -m 25 -o results/trimm/SRR10379722_trimmed.fastq.gz results/data/SRR10379722.fastq.gz
Trimming 1 adapter with at most 10.0% errors in single-end mode ...
Finished in 2538.52 s (57 us/read; 1.04 M reads/minute).

=== Summary ===

Total reads processed:              44,202,702
Reads with adapters:                   459,909 (1.0%)
Reads that were too short:                  69 (0.0%)
Reads written (passing filters):    44,202,633 (100.0%)

Total basepairs processed: 2,873,175,630 bp
Total written (filtered):  2,871,339,228 bp (99.9%)

=== Adapter 1 ===

Sequence: AGATCGGAAGAGC; Type: regular 3'; Length: 13; Trimmed: 459909 times.

No. of allowed errors:
0-9 bp: 0; 10-13 bp: 1

Bases preceding removed adapters:
  A: 57.4%
  C: 12.1%
  G: 6.2%
  T: 24.2%
  none/other: 0.0%

Overview of removed sequences
length	count	expect	max.err	error counts
3	109464	690667.2	0	109464
4	264305	172666.8	0	264305
5	80326	43166.7	0	80326
6	2819	10791.7	0	2819
7	371	2697.9	0	371
8	15	674.5	0	15
9	1830	168.6	0	9 1821
10	427	42.2	1	2 425
11	171	10.5	1	0 171
12	13	2.6	1	0 13
13	9	0.7	1	1 8
14	6	0.7	1	0 6
15	24	0.7	1	0 24
16	4	0.7	1	1 3
17	4	0.7	1	0 4
18	2	0.7	1	0 2
19	2	0.7	1	0 2
20	1	0.7	1	0 1
21	1	0.7	1	0 1
22	2	0.7	1	0 2
23	3	0.7	1	0 3
24	4	0.7	1	0 4
25	1	0.7	1	0 1
27	1	0.7	1	0 1
28	2	0.7	1	0 2
29	3	0.7	1	0 3
30	3	0.7	1	0 3
31	4	0.7	1	0 4
32	3	0.7	1	0 3
33	2	0.7	1	0 2
35	4	0.7	1	0 4
36	2	0.7	1	0 2
37	1	0.7	1	0 1
38	5	0.7	1	0 5
40	6	0.7	1	0 6
41	3	0.7	1	0 3
42	1	0.7	1	0 1
43	2	0.7	1	0 2
44	2	0.7	1	0 2
45	5	0.7	1	0 5
46	2	0.7	1	0 2
47	6	0.7	1	0 6
48	2	0.7	1	0 2
49	6	0.7	1	0 6
50	1	0.7	1	0 1
51	1	0.7	1	0 1
52	4	0.7	1	0 4
53	1	0.7	1	0 1
54	3	0.7	1	0 3
55	2	0.7	1	1 1
56	3	0.7	1	0 3
57	3	0.7	1	0 3
59	1	0.7	1	0 1
60	3	0.7	1	0 3
61	5	0.7	1	0 5
62	3	0.7	1	0 3
63	4	0.7	1	0 4
64	1	0.7	1	0 1
65	5	0.7	1	0 5

