This is cutadapt 1.11 with Python 3.6.15
Command line parameters: -a AGATCGGAAGAGC -m 25 -o results/trimm/SRR10379725_trimmed.fastq.gz results/data/SRR10379725.fastq.gz
Trimming 1 adapter with at most 10.0% errors in single-end mode ...
Finished in 2708.57 s (59 us/read; 1.02 M reads/minute).

=== Summary ===

Total reads processed:              46,239,687
Reads with adapters:                   552,822 (1.2%)
Reads that were too short:                  22 (0.0%)
Reads written (passing filters):    46,239,665 (100.0%)

Total basepairs processed: 3,005,579,655 bp
Total written (filtered):  3,003,563,852 bp (99.9%)

=== Adapter 1 ===

Sequence: AGATCGGAAGAGC; Type: regular 3'; Length: 13; Trimmed: 552822 times.

No. of allowed errors:
0-9 bp: 0; 10-13 bp: 1

Bases preceding removed adapters:
  A: 50.0%
  C: 12.5%
  G: 6.3%
  T: 31.2%
  none/other: 0.0%

Overview of removed sequences
length	count	expect	max.err	error counts
3	275915	722495.1	0	275915
4	227355	180623.8	0	227355
5	40422	45155.9	0	40422
6	2317	11289.0	0	2317
7	836	2822.2	0	836
8	61	705.6	0	61
9	5013	176.4	0	67 4946
10	357	44.1	1	1 356
11	475	11.0	1	0 475
12	7	2.8	1	0 7
13	4	0.7	1	2 2
14	1	0.7	1	0 1
15	10	0.7	1	5 5
16	1	0.7	1	1
17	5	0.7	1	0 5
18	4	0.7	1	1 3
20	2	0.7	1	2
21	1	0.7	1	0 1
22	1	0.7	1	1
24	2	0.7	1	0 2
26	2	0.7	1	0 2
27	1	0.7	1	0 1
28	2	0.7	1	1 1
30	1	0.7	1	0 1
34	3	0.7	1	0 3
35	1	0.7	1	0 1
38	1	0.7	1	0 1
45	4	0.7	1	0 4
46	2	0.7	1	0 2
47	2	0.7	1	0 2
50	2	0.7	1	0 2
52	2	0.7	1	0 2
55	1	0.7	1	0 1
57	2	0.7	1	0 2
58	3	0.7	1	0 3
63	1	0.7	1	0 1
64	2	0.7	1	1 1
65	1	0.7	1	1

