This is cutadapt 1.11 with Python 3.6.15
Command line parameters: -a AGATCGGAAGAGC -m 25 -o results/trimm/SRR10379723_trimmed.fastq.gz results/data/SRR10379723.fastq.gz
Trimming 1 adapter with at most 10.0% errors in single-end mode ...
Finished in 2284.71 s (58 us/read; 1.04 M reads/minute).

=== Summary ===

Total reads processed:              39,650,412
Reads with adapters:                   399,626 (1.0%)
Reads that were too short:                  48 (0.0%)
Reads written (passing filters):    39,650,364 (100.0%)

Total basepairs processed: 2,577,276,780 bp
Total written (filtered):  2,575,729,554 bp (99.9%)

=== Adapter 1 ===

Sequence: AGATCGGAAGAGC; Type: regular 3'; Length: 13; Trimmed: 399626 times.

No. of allowed errors:
0-9 bp: 0; 10-13 bp: 1

Bases preceding removed adapters:
  A: 55.1%
  C: 12.4%
  G: 6.5%
  T: 26.0%
  none/other: 0.0%

Overview of removed sequences
length	count	expect	max.err	error counts
3	124603	619537.7	0	124603
4	222420	154884.4	0	222420
5	46606	38721.1	0	46606
6	2540	9680.3	0	2540
7	383	2420.1	0	383
8	12	605.0	0	12
9	2203	151.3	0	19 2184
10	439	37.8	1	2 437
11	264	9.5	1	0 264
12	18	2.4	1	0 18
13	7	0.6	1	0 7
14	3	0.6	1	0 3
15	12	0.6	1	1 11
16	3	0.6	1	1 2
17	4	0.6	1	0 4
18	3	0.6	1	0 3
21	2	0.6	1	0 2
22	4	0.6	1	0 4
23	2	0.6	1	0 2
24	5	0.6	1	0 5
25	1	0.6	1	0 1
26	5	0.6	1	1 4
27	3	0.6	1	0 3
28	2	0.6	1	0 2
29	4	0.6	1	0 4
30	7	0.6	1	0 7
32	1	0.6	1	0 1
33	2	0.6	1	0 2
34	4	0.6	1	0 4
35	1	0.6	1	0 1
36	3	0.6	1	0 3
37	3	0.6	1	0 3
38	4	0.6	1	0 4
39	4	0.6	1	0 4
40	1	0.6	1	0 1
41	2	0.6	1	0 2
42	4	0.6	1	0 4
43	1	0.6	1	0 1
44	2	0.6	1	0 2
45	2	0.6	1	0 2
46	5	0.6	1	0 5
47	3	0.6	1	0 3
48	1	0.6	1	0 1
49	2	0.6	1	0 2
50	1	0.6	1	0 1
52	3	0.6	1	0 3
55	4	0.6	1	0 4
56	3	0.6	1	0 3
57	4	0.6	1	0 4
58	1	0.6	1	0 1
62	3	0.6	1	0 3
63	1	0.6	1	0 1
64	3	0.6	1	0 3
65	3	0.6	1	0 3

